INFO:  latexindent.pl version 3.22, 2023-06-01, a script to indent .tex files
       latexindent.pl lives here: /home/linuxbrew/.linuxbrew/Cellar/latexindent/3.22/libexec/bin/
       Mon Jul 24 20:27:22 2023
       Filename: /home/roshan/.config/nvim/tmp.tex
INFO:  Processing switches:
       -l|--localSettings: Read localSettings YAML file
       -m|--modifylinebreaks: modify line breaks
INFO:  Directory for backup files and indent.log:
       /home/roshan/.config/nvim
INFO:  Perl modules are being loaded from the following directories:
       /home/linuxbrew/.linuxbrew/opt/perl/lib/perl5/5.36/FindBin.pm
       /home/linuxbrew/.linuxbrew/Cellar/latexindent/3.22/libexec/lib/perl5/YAML/Tiny.pm
       /home/linuxbrew/.linuxbrew/opt/perl/lib/perl5/5.36/File/Copy.pm
       /home/linuxbrew/.linuxbrew/opt/perl/lib/perl5/5.36/File/Basename.pm
       /home/linuxbrew/.linuxbrew/opt/perl/lib/perl5/5.36/Getopt/Long.pm
       /home/linuxbrew/.linuxbrew/Cellar/latexindent/3.22/libexec/lib/perl5/File/HomeDir.pm
INFO:  LatexIndent perl modules are being loaded from, for example:
       /home/linuxbrew/.linuxbrew/Cellar/latexindent/3.22/libexec/lib/perl5/LatexIndent/Document.pm
INFO:  YAML settings read: defaultSettings.yaml
       Reading defaultSettings.yaml from /home/linuxbrew/.linuxbrew/Cellar/latexindent/3.22/libexec/bin/defaultSettings.yaml
INFO:  YAML reading settings
       Home directory is /home/roshan
       latexindent.pl didn't find indentconfig.yaml or .indentconfig.yaml
       see all possible locations: https://latexindentpl.readthedocs.io/en/latest/sec-appendices.html#indentconfig-options)
INFO:  YAML settings read: -l switch
       Adding /home/roshan/.config/nvim/tex/format-style.yaml to YAML read paths
INFO:  YAML settings, reading from the following files:
       Reading USER settings from /home/roshan/.config/nvim/tex/format-style.yaml
       ---
       defaultIndent: '    '
       lookForAlignDelims:
         alignContentAfterDoubleBackSlash: '1'
         alignFinalDoubleBackSlash: '1'
       modifyLineBreaks:
         environments:
           BodyStartsOnOwnLine: '1'
           DBSFinishesWithLineBreak: '1'
           EndStartsOnOwnLine: '1'
         oneSentencePerLine:
           manipulateSentences: '1'
           removalSentenceLineBreaks: '1'
           sentencesBeginWith:
             A-Z: '1'
             a-z: '0'
             other: \$|[0-9]
           textWrapSentences: '0'
       removeTrailingWhitespace:
         afterProcessing: '1'
         beforeProcessing: '0'

INFO:  Phase 1: searching for objects
INFO:  Phase 2: finding surrounding indentation
INFO:  Phase 3: indenting objects
INFO:  Phase 4: final indentation check
INFO:  Output routine:
       Not outputting to file; see -w and -o switches for more options.
       --------------
INFO:  Please direct all communication/issues to:
        https://github.com/cmhughes/latexindent.pl
