INFO:  latexindent.pl version 3.22, 2023-06-01, a script to indent .tex files
       latexindent.pl lives here: /home/linuxbrew/.linuxbrew/Cellar/latexindent/3.22/libexec/bin/
       Mon Jul  3 14:33:19 2023
       Reading input from STDIN
INFO:  Processing switches:
       -n|--lines mode: will only operate on specific lines /home/roshan/tmpcomp/
INFO:  Directory for backup files and indent.log:
       .
INFO:  Perl modules are being loaded from the following directories:
       /home/linuxbrew/.linuxbrew/opt/perl/lib/perl5/5.36/FindBin.pm
       /home/linuxbrew/.linuxbrew/Cellar/latexindent/3.22/libexec/lib/perl5/YAML/Tiny.pm
       /home/linuxbrew/.linuxbrew/opt/perl/lib/perl5/5.36/File/Copy.pm
       /home/linuxbrew/.linuxbrew/opt/perl/lib/perl5/5.36/File/Basename.pm
       /home/linuxbrew/.linuxbrew/opt/perl/lib/perl5/5.36/Getopt/Long.pm
       /home/linuxbrew/.linuxbrew/Cellar/latexindent/3.22/libexec/lib/perl5/File/HomeDir.pm
INFO:  LatexIndent perl modules are being loaded from, for example:
       /home/linuxbrew/.linuxbrew/Cellar/latexindent/3.22/libexec/lib/perl5/LatexIndent/Document.pm
INFO:  YAML settings read: defaultSettings.yaml
       Reading defaultSettings.yaml from /home/linuxbrew/.linuxbrew/Cellar/latexindent/3.22/libexec/bin/defaultSettings.yaml
INFO:  YAML reading settings
       Home directory is /home/roshan
       latexindent.pl didn't find indentconfig.yaml or .indentconfig.yaml
       see all possible locations: https://latexindentpl.readthedocs.io/en/latest/sec-appendices.html#indentconfig-options)
INFO:  -n,--lines switch is active, operating on lines /home/roshan/tmpcomp/
       number of lines in file: 0
INFO:  interpreting /home/roshan/tmpcomp/
WARN:  /home/roshan/tmpcomp/ not a valid line specification; I'm ignoring this entry
WARN:  --lines not specified with valid range: /home/roshan/tmpcomp/
       entire body will be indented, and ignoring /home/roshan/tmpcomp/
INFO:  Phase 1: searching for objects
       No objects found.
INFO:  Phase 2: finding surrounding indentation
INFO:  Phase 3: indenting objects
INFO:  Phase 4: final indentation check
INFO:  Output routine:
       Not outputting to file; see -w and -o switches for more options.
       --------------
INFO:  Please direct all communication/issues to:
        https://github.com/cmhughes/latexindent.pl
